
> solar-potential@1.0.0 start
> node build

Listening on 0.0.0.0:3000
SvelteKitError: Not found: /form-page.html
    at resolve2 (file:///var/www/html/solar/sunmap/build/server/index.js:4206:18)
    at resolve (file:///var/www/html/solar/sunmap/build/server/index.js:4038:34)
    at #options.hooks.handle (file:///var/www/html/solar/sunmap/build/server/index.js:4271:71)
    at respond (file:///var/www/html/solar/sunmap/build/server/index.js:4036:43) {
  status: 404,
  text: 'Not Found'
}
SvelteKitError: Not found: /nice%20ports%2C/Tri%6Eity.txt%2ebak
    at resolve2 (file:///var/www/html/solar/sunmap/build/server/index.js:4206:18)
    at resolve (file:///var/www/html/solar/sunmap/build/server/index.js:4038:34)
    at #options.hooks.handle (file:///var/www/html/solar/sunmap/build/server/index.js:4271:71)
    at respond (file:///var/www/html/solar/sunmap/build/server/index.js:4036:43) {
  status: 404,
  text: 'Not Found'
}
SvelteKitError: Not found: /api
    at resolve2 (file:///var/www/html/solar/sunmap/build/server/index.js:4206:18)
    at resolve (file:///var/www/html/solar/sunmap/build/server/index.js:4038:34)
    at #options.hooks.handle (file:///var/www/html/solar/sunmap/build/server/index.js:4271:71)
    at respond (file:///var/www/html/solar/sunmap/build/server/index.js:4036:43) {
  status: 404,
  text: 'Not Found'
}
SvelteKitError: Not found: /hazelcast/rest/cluster
    at resolve2 (file:///var/www/html/solar/sunmap/build/server/index.js:4206:18)
    at resolve (file:///var/www/html/solar/sunmap/build/server/index.js:4038:34)
    at #options.hooks.handle (file:///var/www/html/solar/sunmap/build/server/index.js:4271:71)
    at respond (file:///var/www/html/solar/sunmap/build/server/index.js:4036:43) {
  status: 404,
  text: 'Not Found'
}
SvelteKitError: Not found: /filled-styles.css.map
    at resolve2 (file:///var/www/html/solar/sunmap/build/server/index.js:4206:18)
    at resolve (file:///var/www/html/solar/sunmap/build/server/index.js:4038:34)
    at #options.hooks.handle (file:///var/www/html/solar/sunmap/build/server/index.js:4271:71)
    at respond (file:///var/www/html/solar/sunmap/build/server/index.js:4036:43)
    at runNextTicks (node:internal/process/task_queues:60:5)
    at process.processImmediate (node:internal/timers:449:9) {
  status: 404,
  text: 'Not Found'
}
SvelteKitError: Not found: /filled-styles.css.map
    at resolve2 (file:///var/www/html/solar/sunmap/build/server/index.js:4206:18)
    at resolve (file:///var/www/html/solar/sunmap/build/server/index.js:4038:34)
    at #options.hooks.handle (file:///var/www/html/solar/sunmap/build/server/index.js:4271:71)
    at respond (file:///var/www/html/solar/sunmap/build/server/index.js:4036:43)
    at runNextTicks (node:internal/process/task_queues:60:5)
    at process.processImmediate (node:internal/timers:449:9) {
  status: 404,
  text: 'Not Found'
}
SvelteKitError: Not found: /shared-styles.css.map
    at resolve2 (file:///var/www/html/solar/sunmap/build/server/index.js:4206:18)
    at resolve (file:///var/www/html/solar/sunmap/build/server/index.js:4038:34)
    at #options.hooks.handle (file:///var/www/html/solar/sunmap/build/server/index.js:4271:71)
    at respond (file:///var/www/html/solar/sunmap/build/server/index.js:4036:43)
    at runNextTicks (node:internal/process/task_queues:60:5)
    at process.processImmediate (node:internal/timers:449:9) {
  status: 404,
  text: 'Not Found'
}
SvelteKitError: Not found: /circular-progress-styles.css.map
    at resolve2 (file:///var/www/html/solar/sunmap/build/server/index.js:4206:18)
    at resolve (file:///var/www/html/solar/sunmap/build/server/index.js:4038:34)
    at #options.hooks.handle (file:///var/www/html/solar/sunmap/build/server/index.js:4271:71)
    at respond (file:///var/www/html/solar/sunmap/build/server/index.js:4036:43) {
  status: 404,
  text: 'Not Found'
}
SvelteKitError: Not found: /shared-styles.css.map
    at resolve2 (file:///var/www/html/solar/sunmap/build/server/index.js:4206:18)
    at resolve (file:///var/www/html/solar/sunmap/build/server/index.js:4038:34)
    at #options.hooks.handle (file:///var/www/html/solar/sunmap/build/server/index.js:4271:71)
    at respond (file:///var/www/html/solar/sunmap/build/server/index.js:4036:43)
    at runNextTicks (node:internal/process/task_queues:60:5)
    at process.processImmediate (node:internal/timers:449:9) {
  status: 404,
  text: 'Not Found'
}
SvelteKitError: Not found: /icon-styles.css.map
    at resolve2 (file:///var/www/html/solar/sunmap/build/server/index.js:4206:18)
    at resolve (file:///var/www/html/solar/sunmap/build/server/index.js:4038:34)
    at #options.hooks.handle (file:///var/www/html/solar/sunmap/build/server/index.js:4271:71)
    at respond (file:///var/www/html/solar/sunmap/build/server/index.js:4036:43) {
  status: 404,
  text: 'Not Found'
}
SvelteKitError: Not found: /shared-styles.css.map
    at resolve2 (file:///var/www/html/solar/sunmap/build/server/index.js:4206:18)
    at resolve (file:///var/www/html/solar/sunmap/build/server/index.js:4038:34)
    at #options.hooks.handle (file:///var/www/html/solar/sunmap/build/server/index.js:4271:71)
    at respond (file:///var/www/html/solar/sunmap/build/server/index.js:4036:43) {
  status: 404,
  text: 'Not Found'
}
SvelteKitError: Not found: /focus-ring-styles.css.map
    at resolve2 (file:///var/www/html/solar/sunmap/build/server/index.js:4206:18)
    at resolve (file:///var/www/html/solar/sunmap/build/server/index.js:4038:34)
    at #options.hooks.handle (file:///var/www/html/solar/sunmap/build/server/index.js:4271:71)
    at respond (file:///var/www/html/solar/sunmap/build/server/index.js:4036:43) {
  status: 404,
  text: 'Not Found'
}
SvelteKitError: Not found: /ripple-styles.css.map
    at resolve2 (file:///var/www/html/solar/sunmap/build/server/index.js:4206:18)
    at resolve (file:///var/www/html/solar/sunmap/build/server/index.js:4038:34)
    at #options.hooks.handle (file:///var/www/html/solar/sunmap/build/server/index.js:4271:71)
    at respond (file:///var/www/html/solar/sunmap/build/server/index.js:4036:43) {
  status: 404,
  text: 'Not Found'
}
SvelteKitError: Not found: /standard-styles.css.map
    at resolve2 (file:///var/www/html/solar/sunmap/build/server/index.js:4206:18)
    at resolve (file:///var/www/html/solar/sunmap/build/server/index.js:4038:34)
    at #options.hooks.handle (file:///var/www/html/solar/sunmap/build/server/index.js:4271:71)
    at respond (file:///var/www/html/solar/sunmap/build/server/index.js:4036:43) {
  status: 404,
  text: 'Not Found'
}
SvelteKitError: Not found: /divider-styles.css.map
    at resolve2 (file:///var/www/html/solar/sunmap/build/server/index.js:4206:18)
    at resolve (file:///var/www/html/solar/sunmap/build/server/index.js:4038:34)
    at #options.hooks.handle (file:///var/www/html/solar/sunmap/build/server/index.js:4271:71)
    at respond (file:///var/www/html/solar/sunmap/build/server/index.js:4036:43) {
  status: 404,
  text: 'Not Found'
}
SvelteKitError: Not found: /slider-styles.css.map
    at resolve2 (file:///var/www/html/solar/sunmap/build/server/index.js:4206:18)
    at resolve (file:///var/www/html/solar/sunmap/build/server/index.js:4038:34)
    at #options.hooks.handle (file:///var/www/html/solar/sunmap/build/server/index.js:4271:71)
    at respond (file:///var/www/html/solar/sunmap/build/server/index.js:4036:43) {
  status: 404,
  text: 'Not Found'
}
SvelteKitError: Not found: /elevation-styles.css.map
    at resolve2 (file:///var/www/html/solar/sunmap/build/server/index.js:4206:18)
    at resolve (file:///var/www/html/solar/sunmap/build/server/index.js:4038:34)
    at #options.hooks.handle (file:///var/www/html/solar/sunmap/build/server/index.js:4271:71)
    at respond (file:///var/www/html/solar/sunmap/build/server/index.js:4036:43) {
  status: 404,
  text: 'Not Found'
}
SvelteKitError: Not found: /forced-colors-styles.css.map
    at resolve2 (file:///var/www/html/solar/sunmap/build/server/index.js:4206:18)
    at resolve (file:///var/www/html/solar/sunmap/build/server/index.js:4038:34)
    at #options.hooks.handle (file:///var/www/html/solar/sunmap/build/server/index.js:4271:71)
    at respond (file:///var/www/html/solar/sunmap/build/server/index.js:4036:43) {
  status: 404,
  text: 'Not Found'
}
SvelteKitError: Not found: /form-page.html
    at resolve2 (file:///var/www/html/solar/sunmap/build/server/index.js:4206:18)
    at resolve (file:///var/www/html/solar/sunmap/build/server/index.js:4038:34)
    at #options.hooks.handle (file:///var/www/html/solar/sunmap/build/server/index.js:4271:71)
    at respond (file:///var/www/html/solar/sunmap/build/server/index.js:4036:43) {
  status: 404,
  text: 'Not Found'
}
SvelteKitError: Not found: /form-page.html
    at resolve2 (file:///var/www/html/solar/sunmap/build/server/index.js:4206:18)
    at resolve (file:///var/www/html/solar/sunmap/build/server/index.js:4038:34)
    at #options.hooks.handle (file:///var/www/html/solar/sunmap/build/server/index.js:4271:71)
    at respond (file:///var/www/html/solar/sunmap/build/server/index.js:4036:43) {
  status: 404,
  text: 'Not Found'
}
SvelteKitError: Not found: /form-page.html
    at resolve2 (file:///var/www/html/solar/sunmap/build/server/index.js:4206:18)
    at resolve (file:///var/www/html/solar/sunmap/build/server/index.js:4038:34)
    at #options.hooks.handle (file:///var/www/html/solar/sunmap/build/server/index.js:4271:71)
    at respond (file:///var/www/html/solar/sunmap/build/server/index.js:4036:43) {
  status: 404,
  text: 'Not Found'
}
SvelteKitError: Not found: /form-page.html
    at resolve2 (file:///var/www/html/solar/sunmap/build/server/index.js:4206:18)
    at resolve (file:///var/www/html/solar/sunmap/build/server/index.js:4038:34)
    at #options.hooks.handle (file:///var/www/html/solar/sunmap/build/server/index.js:4271:71)
    at respond (file:///var/www/html/solar/sunmap/build/server/index.js:4036:43) {
  status: 404,
  text: 'Not Found'
}
SvelteKitError: Not found: /form-page.html
    at resolve2 (file:///var/www/html/solar/sunmap/build/server/index.js:4206:18)
    at resolve (file:///var/www/html/solar/sunmap/build/server/index.js:4038:34)
    at #options.hooks.handle (file:///var/www/html/solar/sunmap/build/server/index.js:4271:71)
    at respond (file:///var/www/html/solar/sunmap/build/server/index.js:4036:43) {
  status: 404,
  text: 'Not Found'
}
Killed

> solar-potential@1.0.0 start
> node build

Listening on 0.0.0.0:3000
SvelteKitError: Not found: /filled-styles.css.map
    at resolve2 (file:///var/www/html/solar/sunmap/build/server/index.js:4206:18)
    at resolve (file:///var/www/html/solar/sunmap/build/server/index.js:4038:34)
    at #options.hooks.handle (file:///var/www/html/solar/sunmap/build/server/index.js:4271:71)
    at respond (file:///var/www/html/solar/sunmap/build/server/index.js:4036:43)
    at runNextTicks (node:internal/process/task_queues:60:5)
    at process.processImmediate (node:internal/timers:449:9) {
  status: 404,
  text: 'Not Found'
}
SvelteKitError: Not found: /shared-styles.css.map
    at resolve2 (file:///var/www/html/solar/sunmap/build/server/index.js:4206:18)
    at resolve (file:///var/www/html/solar/sunmap/build/server/index.js:4038:34)
    at #options.hooks.handle (file:///var/www/html/solar/sunmap/build/server/index.js:4271:71)
    at respond (file:///var/www/html/solar/sunmap/build/server/index.js:4036:43)
    at runNextTicks (node:internal/process/task_queues:60:5)
    at process.processImmediate (node:internal/timers:449:9) {
  status: 404,
  text: 'Not Found'
}
SvelteKitError: Not found: /icon-styles.css.map
    at resolve2 (file:///var/www/html/solar/sunmap/build/server/index.js:4206:18)
    at resolve (file:///var/www/html/solar/sunmap/build/server/index.js:4038:34)
    at #options.hooks.handle (file:///var/www/html/solar/sunmap/build/server/index.js:4271:71)
    at respond (file:///var/www/html/solar/sunmap/build/server/index.js:4036:43) {
  status: 404,
  text: 'Not Found'
}
SvelteKitError: Not found: /circular-progress-styles.css.map
    at resolve2 (file:///var/www/html/solar/sunmap/build/server/index.js:4206:18)
    at resolve (file:///var/www/html/solar/sunmap/build/server/index.js:4038:34)
    at #options.hooks.handle (file:///var/www/html/solar/sunmap/build/server/index.js:4271:71)
    at respond (file:///var/www/html/solar/sunmap/build/server/index.js:4036:43)
    at runNextTicks (node:internal/process/task_queues:60:5)
    at process.processImmediate (node:internal/timers:449:9) {
  status: 404,
  text: 'Not Found'
}
SvelteKitError: Not found: /filled-styles.css.map
    at resolve2 (file:///var/www/html/solar/sunmap/build/server/index.js:4206:18)
    at resolve (file:///var/www/html/solar/sunmap/build/server/index.js:4038:34)
    at #options.hooks.handle (file:///var/www/html/solar/sunmap/build/server/index.js:4271:71)
    at respond (file:///var/www/html/solar/sunmap/build/server/index.js:4036:43)
    at runNextTicks (node:internal/process/task_queues:60:5)
    at process.processImmediate (node:internal/timers:449:9) {
  status: 404,
  text: 'Not Found'
}
SvelteKitError: Not found: /shared-styles.css.map
    at resolve2 (file:///var/www/html/solar/sunmap/build/server/index.js:4206:18)
    at resolve (file:///var/www/html/solar/sunmap/build/server/index.js:4038:34)
    at #options.hooks.handle (file:///var/www/html/solar/sunmap/build/server/index.js:4271:71)
    at respond (file:///var/www/html/solar/sunmap/build/server/index.js:4036:43) {
  status: 404,
  text: 'Not Found'
}
SvelteKitError: Not found: /divider-styles.css.map
    at resolve2 (file:///var/www/html/solar/sunmap/build/server/index.js:4206:18)
    at resolve (file:///var/www/html/solar/sunmap/build/server/index.js:4038:34)
    at #options.hooks.handle (file:///var/www/html/solar/sunmap/build/server/index.js:4271:71)
    at respond (file:///var/www/html/solar/sunmap/build/server/index.js:4036:43)
    at runNextTicks (node:internal/process/task_queues:60:5)
    at process.processImmediate (node:internal/timers:449:9) {
  status: 404,
  text: 'Not Found'
}
SvelteKitError: Not found: /focus-ring-styles.css.map
    at resolve2 (file:///var/www/html/solar/sunmap/build/server/index.js:4206:18)
    at resolve (file:///var/www/html/solar/sunmap/build/server/index.js:4038:34)
    at #options.hooks.handle (file:///var/www/html/solar/sunmap/build/server/index.js:4271:71)
    at respond (file:///var/www/html/solar/sunmap/build/server/index.js:4036:43) {
  status: 404,
  text: 'Not Found'
}
SvelteKitError: Not found: /shared-styles.css.map
    at resolve2 (file:///var/www/html/solar/sunmap/build/server/index.js:4206:18)
    at resolve (file:///var/www/html/solar/sunmap/build/server/index.js:4038:34)
    at #options.hooks.handle (file:///var/www/html/solar/sunmap/build/server/index.js:4271:71)
    at respond (file:///var/www/html/solar/sunmap/build/server/index.js:4036:43)
    at runNextTicks (node:internal/process/task_queues:60:5)
    at process.processImmediate (node:internal/timers:449:9) {
  status: 404,
  text: 'Not Found'
}
SvelteKitError: Not found: /ripple-styles.css.map
    at resolve2 (file:///var/www/html/solar/sunmap/build/server/index.js:4206:18)
    at resolve (file:///var/www/html/solar/sunmap/build/server/index.js:4038:34)
    at #options.hooks.handle (file:///var/www/html/solar/sunmap/build/server/index.js:4271:71)
    at respond (file:///var/www/html/solar/sunmap/build/server/index.js:4036:43)
    at runNextTicks (node:internal/process/task_queues:60:5)
    at process.processImmediate (node:internal/timers:449:9) {
  status: 404,
  text: 'Not Found'
}
SvelteKitError: Not found: /standard-styles.css.map
    at resolve2 (file:///var/www/html/solar/sunmap/build/server/index.js:4206:18)
    at resolve (file:///var/www/html/solar/sunmap/build/server/index.js:4038:34)
    at #options.hooks.handle (file:///var/www/html/solar/sunmap/build/server/index.js:4271:71)
    at respond (file:///var/www/html/solar/sunmap/build/server/index.js:4036:43) {
  status: 404,
  text: 'Not Found'
}
SvelteKitError: Not found: /elevation-styles.css.map
    at resolve2 (file:///var/www/html/solar/sunmap/build/server/index.js:4206:18)
    at resolve (file:///var/www/html/solar/sunmap/build/server/index.js:4038:34)
    at #options.hooks.handle (file:///var/www/html/solar/sunmap/build/server/index.js:4271:71)
    at respond (file:///var/www/html/solar/sunmap/build/server/index.js:4036:43) {
  status: 404,
  text: 'Not Found'
}
SvelteKitError: Not found: /forced-colors-styles.css.map
    at resolve2 (file:///var/www/html/solar/sunmap/build/server/index.js:4206:18)
    at resolve (file:///var/www/html/solar/sunmap/build/server/index.js:4038:34)
    at #options.hooks.handle (file:///var/www/html/solar/sunmap/build/server/index.js:4271:71)
    at respond (file:///var/www/html/solar/sunmap/build/server/index.js:4036:43) {
  status: 404,
  text: 'Not Found'
}
SvelteKitError: Not found: /slider-styles.css.map
    at resolve2 (file:///var/www/html/solar/sunmap/build/server/index.js:4206:18)
    at resolve (file:///var/www/html/solar/sunmap/build/server/index.js:4038:34)
    at #options.hooks.handle (file:///var/www/html/solar/sunmap/build/server/index.js:4271:71)
    at respond (file:///var/www/html/solar/sunmap/build/server/index.js:4036:43) {
  status: 404,
  text: 'Not Found'
}
SvelteKitError: Not found: /api/v1/users/search
    at resolve2 (file:///var/www/html/solar/sunmap/build/server/index.js:4206:18)
    at resolve (file:///var/www/html/solar/sunmap/build/server/index.js:4038:34)
    at #options.hooks.handle (file:///var/www/html/solar/sunmap/build/server/index.js:4271:71)
    at respond (file:///var/www/html/solar/sunmap/build/server/index.js:4036:43) {
  status: 404,
  text: 'Not Found'
}
SvelteKitError: Not found: /api/v1/users/search
    at resolve2 (file:///var/www/html/solar/sunmap/build/server/index.js:4206:18)
    at resolve (file:///var/www/html/solar/sunmap/build/server/index.js:4038:34)
    at #options.hooks.handle (file:///var/www/html/solar/sunmap/build/server/index.js:4271:71)
    at respond (file:///var/www/html/solar/sunmap/build/server/index.js:4036:43) {
  status: 404,
  text: 'Not Found'
}

> solar-potential@1.0.0 start
> node build

node:events:497
      throw er; // Unhandled 'error' event
      ^

Error: listen EADDRINUSE: address already in use 0.0.0.0:3000
    at Server.setupListenHandle [as _listen2] (node:net:1898:16)
    at listenInCluster (node:net:1946:12)
    at doListen (node:net:2116:7)
    at process.processTicksAndRejections (node:internal/process/task_queues:83:21)
Emitted 'error' event on Server instance at:
    at emitErrorNT (node:net:1925:8)
    at process.processTicksAndRejections (node:internal/process/task_queues:82:21) {
  code: 'EADDRINUSE',
  errno: -98,
  syscall: 'listen',
  address: '0.0.0.0',
  port: 3000
}

Node.js v20.14.0
